[I 16:01:52.047 NotebookApp] [jupyter_nbextensions_configurator] enabled 0.4.1
[I 16:01:52.048 NotebookApp] The port 8888 is already in use, trying another port.
[I 16:01:52.048 NotebookApp] The port 8889 is already in use, trying another port.
[I 16:01:52.048 NotebookApp] The port 8890 is already in use, trying another port.
[I 16:01:52.049 NotebookApp] Serving notebooks from local directory: /media/herryao/81ca6f19-78c8-470d-b5a1-5f35b4678058/work_dir/Document/skku/with_asif/AI_4_SCIENCE/src/case0/AI4CatalystProject/data
[I 16:01:52.049 NotebookApp] Jupyter Notebook 6.4.12 is running at:
[I 16:01:52.049 NotebookApp] http://localhost:8891/?token=2904ebb9cf792980b980ceb4ca82d2860b63d79aa1d5e3f0
[I 16:01:52.049 NotebookApp]  or http://127.0.0.1:8891/?token=2904ebb9cf792980b980ceb4ca82d2860b63d79aa1d5e3f0
[I 16:01:52.049 NotebookApp] Use Control-C to stop this server and shut down all kernels (twice to skip confirmation).
[C 16:01:52.090 NotebookApp] 
    
    To access the notebook, open this file in a browser:
        file:///home/herryao/.local/share/jupyter/runtime/nbserver-113831-open.html
    Or copy and paste one of these URLs:
        http://localhost:8891/?token=2904ebb9cf792980b980ceb4ca82d2860b63d79aa1d5e3f0
     or http://127.0.0.1:8891/?token=2904ebb9cf792980b980ceb4ca82d2860b63d79aa1d5e3f0
[W 16:01:55.414 NotebookApp] Config option `template_path` not recognized by `ExporterCollapsibleHeadings`.  Did you mean one of: `extra_template_paths, template_name, template_paths`?
[W 16:01:55.419 NotebookApp] Config option `template_path` not recognized by `ExporterCollapsibleHeadings`.  Did you mean one of: `extra_template_paths, template_name, template_paths`?
[W 16:01:55.468 NotebookApp] Config option `template_path` not recognized by `TocExporter`.  Did you mean one of: `extra_template_paths, template_name, template_paths`?
[W 16:01:55.474 NotebookApp] Config option `template_path` not recognized by `TocExporter`.  Did you mean one of: `extra_template_paths, template_name, template_paths`?
[W 16:01:55.501 NotebookApp] Config option `template_path` not recognized by `LenvsHTMLExporter`.  Did you mean one of: `extra_template_paths, template_name, template_paths`?
[W 16:01:55.512 NotebookApp] Config option `template_path` not recognized by `LenvsHTMLExporter`.  Did you mean one of: `extra_template_paths, template_name, template_paths`?
[W 16:01:55.541 NotebookApp] Config option `template_path` not recognized by `LenvsTocHTMLExporter`.  Did you mean one of: `extra_template_paths, template_name, template_paths`?
[W 16:01:55.553 NotebookApp] Config option `template_path` not recognized by `LenvsTocHTMLExporter`.  Did you mean one of: `extra_template_paths, template_name, template_paths`?
[W 16:01:55.612 NotebookApp] Config option `template_path` not recognized by `LenvsLatexExporter`.  Did you mean one of: `extra_template_paths, template_name, template_paths`?
[W 16:01:55.618 NotebookApp] Config option `template_path` not recognized by `LenvsLatexExporter`.  Did you mean one of: `extra_template_paths, template_name, template_paths`?
[W 16:01:55.922 NotebookApp] Config option `template_path` not recognized by `LenvsSlidesExporter`.  Did you mean one of: `extra_template_paths, template_name, template_paths`?
[W 16:01:55.929 NotebookApp] Config option `template_path` not recognized by `LenvsSlidesExporter`.  Did you mean one of: `extra_template_paths, template_name, template_paths`?
[W 16:01:56.077 NotebookApp] Config option `template_path` not recognized by `ExporterCollapsibleHeadings`.  Did you mean one of: `extra_template_paths, template_name, template_paths`?
[W 16:01:56.087 NotebookApp] Config option `template_path` not recognized by `ExporterCollapsibleHeadings`.  Did you mean one of: `extra_template_paths, template_name, template_paths`?
[W 16:01:56.125 NotebookApp] Config option `template_path` not recognized by `TocExporter`.  Did you mean one of: `extra_template_paths, template_name, template_paths`?
[W 16:01:56.130 NotebookApp] Config option `template_path` not recognized by `TocExporter`.  Did you mean one of: `extra_template_paths, template_name, template_paths`?
[W 16:01:56.146 NotebookApp] Config option `template_path` not recognized by `LenvsHTMLExporter`.  Did you mean one of: `extra_template_paths, template_name, template_paths`?
[W 16:01:56.152 NotebookApp] Config option `template_path` not recognized by `LenvsHTMLExporter`.  Did you mean one of: `extra_template_paths, template_name, template_paths`?
[W 16:01:56.170 NotebookApp] Config option `template_path` not recognized by `LenvsTocHTMLExporter`.  Did you mean one of: `extra_template_paths, template_name, template_paths`?
[W 16:01:56.177 NotebookApp] Config option `template_path` not recognized by `LenvsTocHTMLExporter`.  Did you mean one of: `extra_template_paths, template_name, template_paths`?
[W 16:01:56.211 NotebookApp] Config option `template_path` not recognized by `LenvsLatexExporter`.  Did you mean one of: `extra_template_paths, template_name, template_paths`?
[W 16:01:56.215 NotebookApp] Config option `template_path` not recognized by `LenvsLatexExporter`.  Did you mean one of: `extra_template_paths, template_name, template_paths`?
[W 16:01:56.404 NotebookApp] Config option `template_path` not recognized by `LenvsSlidesExporter`.  Did you mean one of: `extra_template_paths, template_name, template_paths`?
[W 16:01:56.408 NotebookApp] Config option `template_path` not recognized by `LenvsSlidesExporter`.  Did you mean one of: `extra_template_paths, template_name, template_paths`?
[I 16:01:56.969 NotebookApp] Kernel started: d1ebc0a2-876f-41ee-9061-bee8039857e0, name: python3
[IPKernelApp] ERROR | No such comm target registered: jupyter.widget.control
[IPKernelApp] WARNING | No such comm: d67aad09-1a30-40bf-a6e2-965dbb30780d
[I 16:03:56.958 NotebookApp] Saving file at /cleansing.ipynb
[I 16:13:57.133 NotebookApp] Saving file at /cleansing.ipynb
[I 16:15:57.080 NotebookApp] Saving file at /cleansing.ipynb
[I 16:17:57.038 NotebookApp] Saving file at /cleansing.ipynb
[I 16:19:32.261 NotebookApp] Starting buffering for d1ebc0a2-876f-41ee-9061-bee8039857e0:f9ad228af1df474cb9aa9c6ff10cd688
