nohup: ignoring input
[0.004s][warning][cds] Archived non-system classes are disabled because the java.system.class.loader property is specified (value = "com.intellij.util.lang.PathClassLoader"). To use archived non-system classes, this property must not be set
2025-02-05 08:38:15,825 [   2659]   WARN - #c.i.s.ComponentManagerImpl - `preload=NOT_HEADLESS` must be used only for core services (service=com.jetbrains.rdserver.toolWindow.BackendServerToolWindowManager, plugin=com.jetbrains.codeWithMe)
2025-02-05 08:38:15,825 [   2659]   WARN - #c.i.s.ComponentManagerImpl - `preload=TRUE` must be used only for core services (service=com.intellij.cwm.plugin.users.BackendUserManager, plugin=com.jetbrains.codeWithMe)
2025-02-05 08:38:15,825 [   2659]   WARN - #c.i.s.ComponentManagerImpl - `preload=TRUE` must be used only for core services (service=com.intellij.cwm.plugin.ports.CwmPortForwardingToolWindowManager, plugin=com.jetbrains.codeWithMe)
2025-02-05 08:38:15,825 [   2659]   WARN - #c.i.s.ComponentManagerImpl - `preload=TRUE` must be used only for core services (service=com.intellij.cwm.plugin.following.FollowMeManagerService, plugin=com.jetbrains.codeWithMe)
2025-02-05 08:38:17,516 [   4350]   WARN - #c.j.p.PythonHelpersLocator - Helpers pro root does not exist /home/herryao/Software/pycharm-2024.3.1.1/plugins/python-ce/helpers-pro
2025-02-05 08:38:18,022 [   4856]   WARN - #c.i.o.a.Application - issue detected: ide.script.launcher.used (ignored)
2025-02-05 08:38:20,701 [   7535]   WARN - #c.i.p.w.WhatsNewUrlContent - WhatsNew page 'https://www.jetbrains.com/pycharm/whatsnew' not available response code: 301
2025-02-05 08:38:20,701 [   7535]   WARN - #c.i.i.a.WhatsNewAction - EapWhatsNew: can't be shown. Content not available
2025-02-05 08:38:23,234 [  10068]   WARN - #c.i.j.c.j.e.o.w.j.JupyterCefDisplayHandler - http://127.0.0.1:63342/jupyter/main.js (1) => strict mode: use allowUnionTypes to allow union type keyword at "#/properties/state/additionalProperties/properties/buffers/items/properties/path/items" (strictTypes)
2025-02-05 08:38:23,705 [  10539]   WARN - #c.j.p.PythonHelpersLocator - Helpers pro root does not exist /home/herryao/Software/pycharm-2024.3.1.1/plugins/python-ce/helpers-pro
2025-02-05 08:38:24,081 [  10915]   WARN - #c.j.p.PythonHelpersLocator - Helpers pro root does not exist /home/herryao/Software/pycharm-2024.3.1.1/plugins/python-ce/helpers-pro
2025-02-05 08:38:24,081 [  10915]   WARN - #c.j.p.PythonHelpersLocator - Helpers pro root does not exist /home/herryao/Software/pycharm-2024.3.1.1/plugins/python-ce/helpers-pro
2025-02-05 08:38:24,089 [  10923]   WARN - #c.j.p.PythonHelpersLocator - Helpers pro root does not exist /home/herryao/Software/pycharm-2024.3.1.1/plugins/python-ce/helpers-pro
2025-02-05 08:38:25,549 [  12383]   WARN - #c.j.p.PythonHelpersLocator - Helpers pro root does not exist /home/herryao/Software/pycharm-2024.3.1.1/plugins/python-ce/helpers-pro
2025-02-05 08:38:25,550 [  12384]   WARN - #c.j.p.PythonHelpersLocator - Helpers pro root does not exist /home/herryao/Software/pycharm-2024.3.1.1/plugins/python-ce/helpers-pro
2025-02-05 08:38:25,551 [  12385]   WARN - #c.j.p.PythonHelpersLocator - Helpers pro root does not exist /home/herryao/Software/pycharm-2024.3.1.1/plugins/python-ce/helpers-pro
2025-02-05 08:38:25,551 [  12385]   WARN - #c.j.p.PythonHelpersLocator - Helpers pro root does not exist /home/herryao/Software/pycharm-2024.3.1.1/plugins/python-ce/helpers-pro
2025-02-05 08:38:25,551 [  12385]   WARN - #c.j.p.PythonHelpersLocator - Helpers pro root does not exist /home/herryao/Software/pycharm-2024.3.1.1/plugins/python-ce/helpers-pro
2025-02-05 08:38:25,552 [  12386]   WARN - #c.j.p.PythonHelpersLocator - Helpers pro root does not exist /home/herryao/Software/pycharm-2024.3.1.1/plugins/python-ce/helpers-pro
2025-02-05 08:38:25,552 [  12386]   WARN - #c.j.p.PythonHelpersLocator - Helpers pro root does not exist /home/herryao/Software/pycharm-2024.3.1.1/plugins/python-ce/helpers-pro
2025-02-05 08:38:25,553 [  12387]   WARN - #c.j.p.PythonHelpersLocator - Helpers pro root does not exist /home/herryao/Software/pycharm-2024.3.1.1/plugins/python-ce/helpers-pro
2025-02-05 08:38:25,553 [  12387]   WARN - #c.j.p.PythonHelpersLocator - Helpers pro root does not exist /home/herryao/Software/pycharm-2024.3.1.1/plugins/python-ce/helpers-pro
2025-02-05 08:38:25,553 [  12387]   WARN - #c.j.p.PythonHelpersLocator - Helpers pro root does not exist /home/herryao/Software/pycharm-2024.3.1.1/plugins/python-ce/helpers-pro
2025-02-05 08:38:25,554 [  12388]   WARN - #c.j.p.PythonHelpersLocator - Helpers pro root does not exist /home/herryao/Software/pycharm-2024.3.1.1/plugins/python-ce/helpers-pro
2025-02-05 08:38:25,554 [  12388]   WARN - #c.j.p.PythonHelpersLocator - Helpers pro root does not exist /home/herryao/Software/pycharm-2024.3.1.1/plugins/python-ce/helpers-pro
2025-02-05 08:38:25,554 [  12388]   WARN - #c.j.p.PythonHelpersLocator - Helpers pro root does not exist /home/herryao/Software/pycharm-2024.3.1.1/plugins/python-ce/helpers-pro
2025-02-05 08:38:25,555 [  12389]   WARN - #c.j.p.PythonHelpersLocator - Helpers pro root does not exist /home/herryao/Software/pycharm-2024.3.1.1/plugins/python-ce/helpers-pro
2025-02-05 08:38:25,555 [  12389]   WARN - #c.j.p.PythonHelpersLocator - Helpers pro root does not exist /home/herryao/Software/pycharm-2024.3.1.1/plugins/python-ce/helpers-pro
2025-02-05 08:38:25,555 [  12389]   WARN - #c.j.p.PythonHelpersLocator - Helpers pro root does not exist /home/herryao/Software/pycharm-2024.3.1.1/plugins/python-ce/helpers-pro
2025-02-05 08:38:25,556 [  12390]   WARN - #c.j.p.PythonHelpersLocator - Helpers pro root does not exist /home/herryao/Software/pycharm-2024.3.1.1/plugins/python-ce/helpers-pro
2025-02-05 08:38:25,556 [  12390]   WARN - #c.j.p.PythonHelpersLocator - Helpers pro root does not exist /home/herryao/Software/pycharm-2024.3.1.1/plugins/python-ce/helpers-pro
2025-02-05 08:38:25,556 [  12390]   WARN - #c.j.p.PythonHelpersLocator - Helpers pro root does not exist /home/herryao/Software/pycharm-2024.3.1.1/plugins/python-ce/helpers-pro
2025-02-05 08:38:25,557 [  12391]   WARN - #c.j.p.PythonHelpersLocator - Helpers pro root does not exist /home/herryao/Software/pycharm-2024.3.1.1/plugins/python-ce/helpers-pro
2025-02-05 08:38:25,557 [  12391]   WARN - #c.j.p.PythonHelpersLocator - Helpers pro root does not exist /home/herryao/Software/pycharm-2024.3.1.1/plugins/python-ce/helpers-pro
2025-02-05 08:38:25,557 [  12391]   WARN - #c.j.p.PythonHelpersLocator - Helpers pro root does not exist /home/herryao/Software/pycharm-2024.3.1.1/plugins/python-ce/helpers-pro
2025-02-05 08:38:25,558 [  12392]   WARN - #c.j.p.PythonHelpersLocator - Helpers pro root does not exist /home/herryao/Software/pycharm-2024.3.1.1/plugins/python-ce/helpers-pro
2025-02-05 08:38:25,558 [  12392]   WARN - #c.j.p.PythonHelpersLocator - Helpers pro root does not exist /home/herryao/Software/pycharm-2024.3.1.1/plugins/python-ce/helpers-pro
2025-02-05 08:38:25,558 [  12392]   WARN - #c.j.p.PythonHelpersLocator - Helpers pro root does not exist /home/herryao/Software/pycharm-2024.3.1.1/plugins/python-ce/helpers-pro
2025-02-05 08:38:25,559 [  12393]   WARN - #c.j.p.PythonHelpersLocator - Helpers pro root does not exist /home/herryao/Software/pycharm-2024.3.1.1/plugins/python-ce/helpers-pro
2025-02-05 08:38:25,559 [  12393]   WARN - #c.j.p.PythonHelpersLocator - Helpers pro root does not exist /home/herryao/Software/pycharm-2024.3.1.1/plugins/python-ce/helpers-pro
2025-02-05 08:38:25,560 [  12394]   WARN - #c.j.p.PythonHelpersLocator - Helpers pro root does not exist /home/herryao/Software/pycharm-2024.3.1.1/plugins/python-ce/helpers-pro
2025-02-05 08:38:25,560 [  12394]   WARN - #c.j.p.PythonHelpersLocator - Helpers pro root does not exist /home/herryao/Software/pycharm-2024.3.1.1/plugins/python-ce/helpers-pro
2025-02-05 08:38:25,560 [  12394]   WARN - #c.j.p.PythonHelpersLocator - Helpers pro root does not exist /home/herryao/Software/pycharm-2024.3.1.1/plugins/python-ce/helpers-pro
2025-02-05 08:38:25,560 [  12394]   WARN - #c.j.p.PythonHelpersLocator - Helpers pro root does not exist /home/herryao/Software/pycharm-2024.3.1.1/plugins/python-ce/helpers-pro
2025-02-05 08:38:25,561 [  12395]   WARN - #c.j.p.PythonHelpersLocator - Helpers pro root does not exist /home/herryao/Software/pycharm-2024.3.1.1/plugins/python-ce/helpers-pro
2025-02-05 08:38:25,561 [  12395]   WARN - #c.j.p.PythonHelpersLocator - Helpers pro root does not exist /home/herryao/Software/pycharm-2024.3.1.1/plugins/python-ce/helpers-pro
2025-02-05 08:38:25,561 [  12395]   WARN - #c.j.p.PythonHelpersLocator - Helpers pro root does not exist /home/herryao/Software/pycharm-2024.3.1.1/plugins/python-ce/helpers-pro
2025-02-05 08:38:25,561 [  12395]   WARN - #c.j.p.PythonHelpersLocator - Helpers pro root does not exist /home/herryao/Software/pycharm-2024.3.1.1/plugins/python-ce/helpers-pro
2025-02-05 08:38:25,561 [  12395]   WARN - #c.j.p.PythonHelpersLocator - Helpers pro root does not exist /home/herryao/Software/pycharm-2024.3.1.1/plugins/python-ce/helpers-pro
2025-02-05 08:38:25,562 [  12396]   WARN - #c.j.p.PythonHelpersLocator - Helpers pro root does not exist /home/herryao/Software/pycharm-2024.3.1.1/plugins/python-ce/helpers-pro
2025-02-05 08:38:25,562 [  12396]   WARN - #c.j.p.PythonHelpersLocator - Helpers pro root does not exist /home/herryao/Software/pycharm-2024.3.1.1/plugins/python-ce/helpers-pro
2025-02-05 08:38:25,562 [  12396]   WARN - #c.j.p.PythonHelpersLocator - Helpers pro root does not exist /home/herryao/Software/pycharm-2024.3.1.1/plugins/python-ce/helpers-pro
2025-02-05 08:38:25,562 [  12396]   WARN - #c.j.p.PythonHelpersLocator - Helpers pro root does not exist /home/herryao/Software/pycharm-2024.3.1.1/plugins/python-ce/helpers-pro
2025-02-05 08:38:25,563 [  12397]   WARN - #c.j.p.PythonHelpersLocator - Helpers pro root does not exist /home/herryao/Software/pycharm-2024.3.1.1/plugins/python-ce/helpers-pro
2025-02-05 08:38:25,563 [  12397]   WARN - #c.j.p.PythonHelpersLocator - Helpers pro root does not exist /home/herryao/Software/pycharm-2024.3.1.1/plugins/python-ce/helpers-pro
2025-02-05 08:38:25,563 [  12397]   WARN - #c.j.p.PythonHelpersLocator - Helpers pro root does not exist /home/herryao/Software/pycharm-2024.3.1.1/plugins/python-ce/helpers-pro
2025-02-05 08:38:25,563 [  12397]   WARN - #c.j.p.PythonHelpersLocator - Helpers pro root does not exist /home/herryao/Software/pycharm-2024.3.1.1/plugins/python-ce/helpers-pro
2025-02-05 08:38:25,563 [  12397]   WARN - #c.j.p.PythonHelpersLocator - Helpers pro root does not exist /home/herryao/Software/pycharm-2024.3.1.1/plugins/python-ce/helpers-pro
2025-02-05 08:38:25,564 [  12398]   WARN - #c.j.p.PythonHelpersLocator - Helpers pro root does not exist /home/herryao/Software/pycharm-2024.3.1.1/plugins/python-ce/helpers-pro
2025-02-05 08:38:25,564 [  12398]   WARN - #c.j.p.PythonHelpersLocator - Helpers pro root does not exist /home/herryao/Software/pycharm-2024.3.1.1/plugins/python-ce/helpers-pro
2025-02-05 08:38:25,564 [  12398]   WARN - #c.j.p.PythonHelpersLocator - Helpers pro root does not exist /home/herryao/Software/pycharm-2024.3.1.1/plugins/python-ce/helpers-pro
2025-02-05 08:38:25,564 [  12398]   WARN - #c.j.p.PythonHelpersLocator - Helpers pro root does not exist /home/herryao/Software/pycharm-2024.3.1.1/plugins/python-ce/helpers-pro
2025-02-05 08:38:25,564 [  12398]   WARN - #c.j.p.PythonHelpersLocator - Helpers pro root does not exist /home/herryao/Software/pycharm-2024.3.1.1/plugins/python-ce/helpers-pro
2025-02-05 08:38:25,565 [  12399]   WARN - #c.j.p.PythonHelpersLocator - Helpers pro root does not exist /home/herryao/Software/pycharm-2024.3.1.1/plugins/python-ce/helpers-pro
2025-02-05 08:38:25,565 [  12399]   WARN - #c.j.p.PythonHelpersLocator - Helpers pro root does not exist /home/herryao/Software/pycharm-2024.3.1.1/plugins/python-ce/helpers-pro
2025-02-05 08:38:25,565 [  12399]   WARN - #c.j.p.PythonHelpersLocator - Helpers pro root does not exist /home/herryao/Software/pycharm-2024.3.1.1/plugins/python-ce/helpers-pro
2025-02-05 08:38:25,565 [  12399]   WARN - #c.j.p.PythonHelpersLocator - Helpers pro root does not exist /home/herryao/Software/pycharm-2024.3.1.1/plugins/python-ce/helpers-pro
2025-02-05 08:38:25,566 [  12400]   WARN - #c.j.p.PythonHelpersLocator - Helpers pro root does not exist /home/herryao/Software/pycharm-2024.3.1.1/plugins/python-ce/helpers-pro
2025-02-05 08:38:25,566 [  12400]   WARN - #c.j.p.PythonHelpersLocator - Helpers pro root does not exist /home/herryao/Software/pycharm-2024.3.1.1/plugins/python-ce/helpers-pro
2025-02-05 08:38:25,566 [  12400]   WARN - #c.j.p.PythonHelpersLocator - Helpers pro root does not exist /home/herryao/Software/pycharm-2024.3.1.1/plugins/python-ce/helpers-pro
2025-02-05 08:38:25,567 [  12401]   WARN - #c.j.p.PythonHelpersLocator - Helpers pro root does not exist /home/herryao/Software/pycharm-2024.3.1.1/plugins/python-ce/helpers-pro
2025-02-05 08:38:25,567 [  12401]   WARN - #c.j.p.PythonHelpersLocator - Helpers pro root does not exist /home/herryao/Software/pycharm-2024.3.1.1/plugins/python-ce/helpers-pro
2025-02-05 08:38:25,567 [  12401]   WARN - #c.j.p.PythonHelpersLocator - Helpers pro root does not exist /home/herryao/Software/pycharm-2024.3.1.1/plugins/python-ce/helpers-pro
2025-02-05 08:38:25,568 [  12402]   WARN - #c.j.p.PythonHelpersLocator - Helpers pro root does not exist /home/herryao/Software/pycharm-2024.3.1.1/plugins/python-ce/helpers-pro
2025-02-05 08:38:26,416 [  13250]   WARN - #c.j.p.PythonHelpersLocator - Helpers pro root does not exist /home/herryao/Software/pycharm-2024.3.1.1/plugins/python-ce/helpers-pro
2025-02-05 08:38:26,427 [  13261]   WARN - #c.j.p.PythonHelpersLocator - Helpers pro root does not exist /home/herryao/Software/pycharm-2024.3.1.1/plugins/python-ce/helpers-pro
2025-02-05 08:38:27,387 [  14221]   WARN - #c.j.p.PythonHelpersLocator - Helpers pro root does not exist /home/herryao/Software/pycharm-2024.3.1.1/plugins/python-ce/helpers-pro
2025-02-05 08:38:27,489 [  14323]   WARN - #c.j.p.PythonHelpersLocator - Helpers pro root does not exist /home/herryao/Software/pycharm-2024.3.1.1/plugins/python-ce/helpers-pro
2025-02-05 08:38:35,515 [  22349]   WARN - #c.j.p.s.s.PySkeletonRefresher - Some skeletons failed to generate
2025-02-05 08:38:35,516 [  22350]   WARN - #c.j.p.s.s.PySkeletonRefresher - Crypto.Cipher._ARC4
2025-02-05 08:38:35,516 [  22350]   WARN - #c.j.p.s.s.PySkeletonRefresher - Crypto.Cipher._Salsa20
2025-02-05 08:38:35,516 [  22350]   WARN - #c.j.p.s.s.PySkeletonRefresher - Crypto.Cipher._chacha20
2025-02-05 08:38:35,516 [  22350]   WARN - #c.j.p.s.s.PySkeletonRefresher - Crypto.Cipher._pkcs1_decode
2025-02-05 08:38:35,516 [  22350]   WARN - #c.j.p.s.s.PySkeletonRefresher - Crypto.Cipher._raw_aes
2025-02-05 08:38:35,516 [  22350]   WARN - #c.j.p.s.s.PySkeletonRefresher - Crypto.Cipher._raw_aesni
2025-02-05 08:38:35,516 [  22350]   WARN - #c.j.p.s.s.PySkeletonRefresher - Crypto.Cipher._raw_arc2
2025-02-05 08:38:35,516 [  22350]   WARN - #c.j.p.s.s.PySkeletonRefresher - Crypto.Cipher._raw_blowfish
2025-02-05 08:38:35,516 [  22350]   WARN - #c.j.p.s.s.PySkeletonRefresher - Crypto.Cipher._raw_cast
2025-02-05 08:38:35,516 [  22350]   WARN - #c.j.p.s.s.PySkeletonRefresher - Crypto.Cipher._raw_cbc
2025-02-05 08:38:35,516 [  22350]   WARN - #c.j.p.s.s.PySkeletonRefresher - Crypto.Cipher._raw_cfb
2025-02-05 08:38:35,516 [  22350]   WARN - #c.j.p.s.s.PySkeletonRefresher - Crypto.Cipher._raw_ctr
2025-02-05 08:38:35,516 [  22350]   WARN - #c.j.p.s.s.PySkeletonRefresher - Crypto.Cipher._raw_des
2025-02-05 08:38:35,516 [  22350]   WARN - #c.j.p.s.s.PySkeletonRefresher - Crypto.Cipher._raw_des3
2025-02-05 08:38:35,516 [  22350]   WARN - #c.j.p.s.s.PySkeletonRefresher - Crypto.Cipher._raw_ecb
2025-02-05 08:38:35,516 [  22350]   WARN - #c.j.p.s.s.PySkeletonRefresher - Crypto.Cipher._raw_eksblowfish
2025-02-05 08:38:35,516 [  22350]   WARN - #c.j.p.s.s.PySkeletonRefresher - Crypto.Cipher._raw_ocb
2025-02-05 08:38:35,516 [  22350]   WARN - #c.j.p.s.s.PySkeletonRefresher - Crypto.Cipher._raw_ofb
2025-02-05 08:38:35,516 [  22350]   WARN - #c.j.p.s.s.PySkeletonRefresher - Crypto.Hash._BLAKE2b
2025-02-05 08:38:35,516 [  22350]   WARN - #c.j.p.s.s.PySkeletonRefresher - Crypto.Hash._BLAKE2s
2025-02-05 08:38:35,516 [  22350]   WARN - #c.j.p.s.s.PySkeletonRefresher - Crypto.Hash._MD2
2025-02-05 08:38:35,516 [  22350]   WARN - #c.j.p.s.s.PySkeletonRefresher - Crypto.Hash._MD4
2025-02-05 08:38:35,517 [  22351]   WARN - #c.j.p.s.s.PySkeletonRefresher - Crypto.Hash._MD5
2025-02-05 08:38:35,517 [  22351]   WARN - #c.j.p.s.s.PySkeletonRefresher - Crypto.Hash._RIPEMD160
2025-02-05 08:38:35,517 [  22351]   WARN - #c.j.p.s.s.PySkeletonRefresher - Crypto.Hash._SHA1
2025-02-05 08:38:35,517 [  22351]   WARN - #c.j.p.s.s.PySkeletonRefresher - Crypto.Hash._SHA224
2025-02-05 08:38:35,517 [  22351]   WARN - #c.j.p.s.s.PySkeletonRefresher - Crypto.Hash._SHA256
2025-02-05 08:38:35,517 [  22351]   WARN - #c.j.p.s.s.PySkeletonRefresher - Crypto.Hash._SHA384
2025-02-05 08:38:35,517 [  22351]   WARN - #c.j.p.s.s.PySkeletonRefresher - Crypto.Hash._SHA512
2025-02-05 08:38:35,517 [  22351]   WARN - #c.j.p.s.s.PySkeletonRefresher - Crypto.Hash._ghash_clmul
2025-02-05 08:38:35,517 [  22351]   WARN - #c.j.p.s.s.PySkeletonRefresher - Crypto.Hash._ghash_portable
2025-02-05 08:38:35,517 [  22351]   WARN - #c.j.p.s.s.PySkeletonRefresher - Crypto.Hash._keccak
2025-02-05 08:38:35,517 [  22351]   WARN - #c.j.p.s.s.PySkeletonRefresher - Crypto.Hash._poly1305
2025-02-05 08:38:35,517 [  22351]   WARN - #c.j.p.s.s.PySkeletonRefresher - Crypto.Math._modexp
2025-02-05 08:38:35,517 [  22351]   WARN - #c.j.p.s.s.PySkeletonRefresher - Crypto.Protocol._scrypt
2025-02-05 08:38:35,517 [  22351]   WARN - #c.j.p.s.s.PySkeletonRefresher - Crypto.PublicKey._ec_ws
2025-02-05 08:38:35,517 [  22351]   WARN - #c.j.p.s.s.PySkeletonRefresher - Crypto.PublicKey._ed25519
2025-02-05 08:38:35,517 [  22351]   WARN - #c.j.p.s.s.PySkeletonRefresher - Crypto.PublicKey._ed448
2025-02-05 08:38:35,517 [  22351]   WARN - #c.j.p.s.s.PySkeletonRefresher - Crypto.PublicKey._x25519
2025-02-05 08:38:35,517 [  22351]   WARN - #c.j.p.s.s.PySkeletonRefresher - Crypto.Util._cpuid_c
2025-02-05 08:38:35,517 [  22351]   WARN - #c.j.p.s.s.PySkeletonRefresher - Crypto.Util._strxor
2025-02-05 08:38:35,517 [  22351]   WARN - #c.j.p.s.s.PySkeletonRefresher - PyQt5.Qt.plugins.audio.libqtaudio_alsa
2025-02-05 08:38:35,517 [  22351]   WARN - #c.j.p.s.s.PySkeletonRefresher - PyQt5.Qt.plugins.audio.libqtmedia_pulse
2025-02-05 08:38:35,517 [  22351]   WARN - #c.j.p.s.s.PySkeletonRefresher - PyQt5.Qt.plugins.bearer.libqconnmanbearer
2025-02-05 08:38:35,517 [  22351]   WARN - #c.j.p.s.s.PySkeletonRefresher - PyQt5.Qt.plugins.bearer.libqgenericbearer
2025-02-05 08:38:35,517 [  22351]   WARN - #c.j.p.s.s.PySkeletonRefresher - PyQt5.Qt.plugins.bearer.libqnmbearer
2025-02-05 08:38:35,517 [  22351]   WARN - #c.j.p.s.s.PySkeletonRefresher - PyQt5.Qt.plugins.gamepads.libevdevgamepad
2025-02-05 08:38:35,517 [  22351]   WARN - #c.j.p.s.s.PySkeletonRefresher - PyQt5.Qt.plugins.generic.libqevdevkeyboardplugin
2025-02-05 08:38:35,517 [  22351]   WARN - #c.j.p.s.s.PySkeletonRefresher - PyQt5.Qt.plugins.generic.libqevdevmouseplugin
2025-02-05 08:38:35,517 [  22351]   WARN - #c.j.p.s.s.PySkeletonRefresher - PyQt5.Qt.plugins.generic.libqevdevtabletplugin
2025-02-05 08:38:35,517 [  22351]   WARN - #c.j.p.s.s.PySkeletonRefresher - PyQt5.Qt.plugins.generic.libqevdevtouchplugin
2025-02-05 08:38:35,517 [  22351]   WARN - #c.j.p.s.s.PySkeletonRefresher - PyQt5.Qt.plugins.generic.libqtuiotouchplugin
2025-02-05 08:38:35,517 [  22351]   WARN - #c.j.p.s.s.PySkeletonRefresher - PyQt5.Qt.plugins.geometryloaders.libdefaultgeometryloader
2025-02-05 08:38:35,517 [  22351]   WARN - #c.j.p.s.s.PySkeletonRefresher - PyQt5.Qt.plugins.geometryloaders.libgltfgeometryloader
2025-02-05 08:38:35,517 [  22351]   WARN - #c.j.p.s.s.PySkeletonRefresher - PyQt5.Qt.plugins.geoservices.libqtgeoservices_esri
2025-02-05 08:38:35,517 [  22351]   WARN - #c.j.p.s.s.PySkeletonRefresher - PyQt5.Qt.plugins.geoservices.libqtgeoservices_itemsoverlay
2025-02-05 08:38:35,517 [  22351]   WARN - #c.j.p.s.s.PySkeletonRefresher - PyQt5.Qt.plugins.geoservices.libqtgeoservices_mapbox
2025-02-05 08:38:35,517 [  22351]   WARN - #c.j.p.s.s.PySkeletonRefresher - PyQt5.Qt.plugins.geoservices.libqtgeoservices_mapboxgl
2025-02-05 08:38:35,517 [  22351]   WARN - #c.j.p.s.s.PySkeletonRefresher - PyQt5.Qt.plugins.geoservices.libqtgeoservices_nokia
2025-02-05 08:38:35,517 [  22351]   WARN - #c.j.p.s.s.PySkeletonRefresher - PyQt5.Qt.plugins.geoservices.libqtgeoservices_osm
2025-02-05 08:38:35,517 [  22351]   WARN - #c.j.p.s.s.PySkeletonRefresher - PyQt5.Qt.plugins.iconengines.libqsvgicon
2025-02-05 08:38:35,517 [  22351]   WARN - #c.j.p.s.s.PySkeletonRefresher - PyQt5.Qt.plugins.imageformats.libqgif
2025-02-05 08:38:35,517 [  22351]   WARN - #c.j.p.s.s.PySkeletonRefresher - PyQt5.Qt.plugins.imageformats.libqicns
2025-02-05 08:38:35,517 [  22351]   WARN - #c.j.p.s.s.PySkeletonRefresher - PyQt5.Qt.plugins.imageformats.libqico
2025-02-05 08:38:35,517 [  22351]   WARN - #c.j.p.s.s.PySkeletonRefresher - PyQt5.Qt.plugins.imageformats.libqjpeg
2025-02-05 08:38:35,517 [  22351]   WARN - #c.j.p.s.s.PySkeletonRefresher - PyQt5.Qt.plugins.imageformats.libqsvg
2025-02-05 08:38:35,517 [  22351]   WARN - #c.j.p.s.s.PySkeletonRefresher - PyQt5.Qt.plugins.imageformats.libqtga
2025-02-05 08:38:35,517 [  22351]   WARN - #c.j.p.s.s.PySkeletonRefresher - PyQt5.Qt.plugins.imageformats.libqtiff
2025-02-05 08:38:35,517 [  22351]   WARN - #c.j.p.s.s.PySkeletonRefresher - PyQt5.Qt.plugins.imageformats.libqwbmp
2025-02-05 08:38:35,517 [  22351]   WARN - #c.j.p.s.s.PySkeletonRefresher - PyQt5.Qt.plugins.imageformats.libqwebp
2025-02-05 08:38:35,517 [  22351]   WARN - #c.j.p.s.s.PySkeletonRefresher - PyQt5.Qt.plugins.mediaservice.libgstaudiodecoder
2025-02-05 08:38:35,517 [  22351]   WARN - #c.j.p.s.s.PySkeletonRefresher - PyQt5.Qt.plugins.mediaservice.libgstcamerabin
2025-02-05 08:38:35,517 [  22351]   WARN - #c.j.p.s.s.PySkeletonRefresher - PyQt5.Qt.plugins.mediaservice.libgstmediacapture
2025-02-05 08:38:35,517 [  22351]   WARN - #c.j.p.s.s.PySkeletonRefresher - PyQt5.Qt.plugins.mediaservice.libgstmediaplayer
2025-02-05 08:38:35,517 [  22351]   WARN - #c.j.p.s.s.PySkeletonRefresher - PyQt5.Qt.plugins.platforminputcontexts.libcomposeplatforminputcontextplugin
2025-02-05 08:38:35,517 [  22351]   WARN - #c.j.p.s.s.PySkeletonRefresher - PyQt5.Qt.plugins.platforminputcontexts.libibusplatforminputcontextplugin
2025-02-05 08:38:35,517 [  22351]   WARN - #c.j.p.s.s.PySkeletonRefresher - PyQt5.Qt.plugins.platforms.libqeglfs
2025-02-05 08:38:35,517 [  22351]   WARN - #c.j.p.s.s.PySkeletonRefresher - PyQt5.Qt.plugins.platforms.libqlinuxfb
2025-02-05 08:38:35,517 [  22351]   WARN - #c.j.p.s.s.PySkeletonRefresher - PyQt5.Qt.plugins.platforms.libqminimal
2025-02-05 08:38:35,517 [  22351]   WARN - #c.j.p.s.s.PySkeletonRefresher - PyQt5.Qt.plugins.platforms.libqminimalegl
2025-02-05 08:38:35,517 [  22351]   WARN - #c.j.p.s.s.PySkeletonRefresher - PyQt5.Qt.plugins.platforms.libqoffscreen
2025-02-05 08:38:35,517 [  22351]   WARN - #c.j.p.s.s.PySkeletonRefresher - PyQt5.Qt.plugins.platforms.libqvnc
2025-02-05 08:38:35,517 [  22351]   WARN - #c.j.p.s.s.PySkeletonRefresher - PyQt5.Qt.plugins.platforms.libqwebgl
2025-02-05 08:38:35,517 [  22351]   WARN - #c.j.p.s.s.PySkeletonRefresher - PyQt5.Qt.plugins.platforms.libqxcb
2025-02-05 08:38:35,518 [  22352]   WARN - #c.j.p.s.s.PySkeletonRefresher - PyQt5.Qt.plugins.platformthemes.libqgtk3
2025-02-05 08:38:35,518 [  22352]   WARN - #c.j.p.s.s.PySkeletonRefresher - PyQt5.Qt.plugins.platformthemes.libqxdgdesktopportal
2025-02-05 08:38:35,518 [  22352]   WARN - #c.j.p.s.s.PySkeletonRefresher - PyQt5.Qt.plugins.playlistformats.libqtmultimedia_m3u
2025-02-05 08:38:35,518 [  22352]   WARN - #c.j.p.s.s.PySkeletonRefresher - PyQt5.Qt.plugins.position.libqtposition_geoclue
2025-02-05 08:38:35,518 [  22352]   WARN - #c.j.p.s.s.PySkeletonRefresher - PyQt5.Qt.plugins.position.libqtposition_geoclue2
2025-02-05 08:38:35,518 [  22352]   WARN - #c.j.p.s.s.PySkeletonRefresher - PyQt5.Qt.plugins.position.libqtposition_positionpoll
2025-02-05 08:38:35,518 [  22352]   WARN - #c.j.p.s.s.PySkeletonRefresher - PyQt5.Qt.plugins.position.libqtposition_serialnmea
2025-02-05 08:38:35,518 [  22352]   WARN - #c.j.p.s.s.PySkeletonRefresher - PyQt5.Qt.plugins.printsupport.libcupsprintersupport
2025-02-05 08:38:35,518 [  22352]   WARN - #c.j.p.s.s.PySkeletonRefresher - PyQt5.Qt.plugins.renderplugins.libscene2d
2025-02-05 08:38:35,518 [  22352]   WARN - #c.j.p.s.s.PySkeletonRefresher - PyQt5.Qt.plugins.sceneparsers.libassimpsceneimport
2025-02-05 08:38:35,518 [  22352]   WARN - #c.j.p.s.s.PySkeletonRefresher - PyQt5.Qt.plugins.sceneparsers.libgltfsceneexport
2025-02-05 08:38:35,518 [  22352]   WARN - #c.j.p.s.s.PySkeletonRefresher - PyQt5.Qt.plugins.sceneparsers.libgltfsceneimport
2025-02-05 08:38:35,518 [  22352]   WARN - #c.j.p.s.s.PySkeletonRefresher - PyQt5.Qt.plugins.sensorgestures.libqtsensorgestures_plugin
2025-02-05 08:38:35,518 [  22352]   WARN - #c.j.p.s.s.PySkeletonRefresher - PyQt5.Qt.plugins.sensorgestures.libqtsensorgestures_shakeplugin
2025-02-05 08:38:35,518 [  22352]   WARN - #c.j.p.s.s.PySkeletonRefresher - PyQt5.Qt.plugins.sensors.libqtsensors_generic
2025-02-05 08:38:35,518 [  22352]   WARN - #c.j.p.s.s.PySkeletonRefresher - PyQt5.Qt.plugins.sensors.libqtsensors_linuxsys
2025-02-05 08:38:35,518 [  22352]   WARN - #c.j.p.s.s.PySkeletonRefresher - PyQt5.Qt.plugins.sqldrivers.libqsqlite
2025-02-05 08:38:35,518 [  22352]   WARN - #c.j.p.s.s.PySkeletonRefresher - PyQt5.Qt.plugins.sqldrivers.libqsqlmysql
2025-02-05 08:38:35,518 [  22352]   WARN - #c.j.p.s.s.PySkeletonRefresher - PyQt5.Qt.plugins.sqldrivers.libqsqlpsql
2025-02-05 08:38:35,518 [  22352]   WARN - #c.j.p.s.s.PySkeletonRefresher - PyQt5.Qt.plugins.texttospeech.libqtexttospeech_speechd
2025-02-05 08:38:35,518 [  22352]   WARN - #c.j.p.s.s.PySkeletonRefresher - PyQt5.Qt.plugins.webview.libqtwebview_webengine
2025-02-05 08:38:35,518 [  22352]   WARN - #c.j.p.s.s.PySkeletonRefresher - PyQt5.Qt.qml.Qt.labs.calendar.libqtlabscalendarplugin
2025-02-05 08:38:35,518 [  22352]   WARN - #c.j.p.s.s.PySkeletonRefresher - PyQt5.Qt.qml.Qt.labs.folderlistmodel.libqmlfolderlistmodelplugin
2025-02-05 08:38:35,518 [  22352]   WARN - #c.j.p.s.s.PySkeletonRefresher - PyQt5.Qt.qml.Qt.labs.location.liblocationlabsplugin
2025-02-05 08:38:35,518 [  22352]   WARN - #c.j.p.s.s.PySkeletonRefresher - PyQt5.Qt.qml.Qt.labs.platform.libqtlabsplatformplugin
2025-02-05 08:38:35,518 [  22352]   WARN - #c.j.p.s.s.PySkeletonRefresher - PyQt5.Qt.qml.Qt.labs.qmlmodels.liblabsmodelsplugin
2025-02-05 08:38:35,518 [  22352]   WARN - #c.j.p.s.s.PySkeletonRefresher - PyQt5.Qt.qml.Qt.labs.settings.libqmlsettingsplugin
2025-02-05 08:38:35,518 [  22352]   WARN - #c.j.p.s.s.PySkeletonRefresher - PyQt5.Qt.qml.Qt.labs.sharedimage.libsharedimageplugin
2025-02-05 08:38:35,518 [  22352]   WARN - #c.j.p.s.s.PySkeletonRefresher - PyQt5.Qt.qml.Qt.labs.wavefrontmesh.libqmlwavefrontmeshplugin
2025-02-05 08:38:35,518 [  22352]   WARN - #c.j.p.s.s.PySkeletonRefresher - PyQt5.Qt.qml.QtBluetooth.libdeclarative_bluetooth
2025-02-05 08:38:35,518 [  22352]   WARN - #c.j.p.s.s.PySkeletonRefresher - PyQt5.Qt.qml.QtCanvas3D.libqtcanvas3d
2025-02-05 08:38:35,518 [  22352]   WARN - #c.j.p.s.s.PySkeletonRefresher - PyQt5.Qt.qml.QtGraphicalEffects.libqtgraphicaleffectsplugin
2025-02-05 08:38:35,518 [  22352]   WARN - #c.j.p.s.s.PySkeletonRefresher - PyQt5.Qt.qml.QtGraphicalEffects.private.libqtgraphicaleffectsprivate
2025-02-05 08:38:35,518 [  22352]   WARN - #c.j.p.s.s.PySkeletonRefresher - PyQt5.Qt.qml.QtLocation.libdeclarative_location
2025-02-05 08:38:35,518 [  22352]   WARN - #c.j.p.s.s.PySkeletonRefresher - PyQt5.Qt.qml.QtMultimedia.libdeclarative_multimedia
2025-02-05 08:38:35,518 [  22352]   WARN - #c.j.p.s.s.PySkeletonRefresher - PyQt5.Qt.qml.QtNfc.libdeclarative_nfc
2025-02-05 08:38:35,518 [  22352]   WARN - #c.j.p.s.s.PySkeletonRefresher - PyQt5.Qt.qml.QtPositioning.libdeclarative_positioning
2025-02-05 08:38:35,518 [  22352]   WARN - #c.j.p.s.s.PySkeletonRefresher - PyQt5.Qt.qml.QtQml.RemoteObjects.libqtqmlremoteobjects
2025-02-05 08:38:35,518 [  22352]   WARN - #c.j.p.s.s.PySkeletonRefresher - PyQt5.Qt.qml.QtQml.StateMachine.libqtqmlstatemachine
2025-02-05 08:38:35,518 [  22352]   WARN - #c.j.p.s.s.PySkeletonRefresher - PyQt5.Qt.qml.QtQuick.Controls.Styles.Flat.libqtquickextrasflatplugin
2025-02-05 08:38:35,518 [  22352]   WARN - #c.j.p.s.s.PySkeletonRefresher - PyQt5.Qt.qml.QtQuick.Controls.libqtquickcontrolsplugin
2025-02-05 08:38:35,518 [  22352]   WARN - #c.j.p.s.s.PySkeletonRefresher - PyQt5.Qt.qml.QtQuick.Dialogs.Private.libdialogsprivateplugin
2025-02-05 08:38:35,518 [  22352]   WARN - #c.j.p.s.s.PySkeletonRefresher - PyQt5.Qt.qml.QtQuick.Dialogs.libdialogplugin
2025-02-05 08:38:35,518 [  22352]   WARN - #c.j.p.s.s.PySkeletonRefresher - PyQt5.Qt.qml.QtQuick.Extras.libqtquickextrasplugin
2025-02-05 08:38:35,518 [  22352]   WARN - #c.j.p.s.s.PySkeletonRefresher - PyQt5.Qt.qml.QtQuick.Layouts.libqquicklayoutsplugin
2025-02-05 08:38:35,518 [  22352]   WARN - #c.j.p.s.s.PySkeletonRefresher - PyQt5.Qt.qml.QtQuick.LocalStorage.libqmllocalstorageplugin
2025-02-05 08:38:35,518 [  22352]   WARN - #c.j.p.s.s.PySkeletonRefresher - PyQt5.Qt.qml.QtQuick.PrivateWidgets.libwidgetsplugin
2025-02-05 08:38:35,518 [  22352]   WARN - #c.j.p.s.s.PySkeletonRefresher - PyQt5.Qt.qml.QtQuick.Scene2D.libqtquickscene2dplugin
2025-02-05 08:38:35,518 [  22352]   WARN - #c.j.p.s.s.PySkeletonRefresher - PyQt5.Qt.qml.QtQuick.Scene3D.libqtquickscene3dplugin
2025-02-05 08:38:35,518 [  22352]   WARN - #c.j.p.s.s.PySkeletonRefresher - PyQt5.Qt.qml.QtQuick.Shapes.libqmlshapesplugin
2025-02-05 08:38:35,518 [  22352]   WARN - #c.j.p.s.s.PySkeletonRefresher - PyQt5.Qt.qml.QtQuick.XmlListModel.libqmlxmllistmodelplugin
2025-02-05 08:38:35,518 [  22352]   WARN - #c.j.p.s.s.PySkeletonRefresher - PyQt5.Qt.qml.QtSensors.libdeclarative_sensors
2025-02-05 08:38:35,518 [  22352]   WARN - #c.j.p.s.s.PySkeletonRefresher - PyQt5.Qt.qml.QtTest.libqmltestplugin
2025-02-05 08:38:35,518 [  22352]   WARN - #c.j.p.s.s.PySkeletonRefresher - PyQt5.Qt.qml.QtWebChannel.libdeclarative_webchannel
2025-02-05 08:38:35,518 [  22352]   WARN - #c.j.p.s.s.PySkeletonRefresher - PyQt5.Qt.qml.QtWebSockets.libdeclarative_qmlwebsockets
2025-02-05 08:38:35,518 [  22352]   WARN - #c.j.p.s.s.PySkeletonRefresher - PyQt5.Qt5.plugins.assetimporters.libassimp
2025-02-05 08:38:35,518 [  22352]   WARN - #c.j.p.s.s.PySkeletonRefresher - PyQt5.Qt5.plugins.assetimporters.libuip
2025-02-05 08:38:35,518 [  22352]   WARN - #c.j.p.s.s.PySkeletonRefresher - PyQt5.Qt5.plugins.audio.libqtaudio_alsa
2025-02-05 08:38:35,518 [  22352]   WARN - #c.j.p.s.s.PySkeletonRefresher - PyQt5.Qt5.plugins.audio.libqtmedia_pulse
2025-02-05 08:38:35,518 [  22352]   WARN - #c.j.p.s.s.PySkeletonRefresher - PyQt5.Qt5.plugins.bearer.libqconnmanbearer
2025-02-05 08:38:35,518 [  22352]   WARN - #c.j.p.s.s.PySkeletonRefresher - PyQt5.Qt5.plugins.bearer.libqgenericbearer
2025-02-05 08:38:35,518 [  22352]   WARN - #c.j.p.s.s.PySkeletonRefresher - PyQt5.Qt5.plugins.bearer.libqnmbearer
2025-02-05 08:38:35,518 [  22352]   WARN - #c.j.p.s.s.PySkeletonRefresher - PyQt5.Qt5.plugins.gamepads.libevdevgamepad
2025-02-05 08:38:35,518 [  22352]   WARN - #c.j.p.s.s.PySkeletonRefresher - PyQt5.Qt5.plugins.generic.libqevdevkeyboardplugin
2025-02-05 08:38:35,518 [  22352]   WARN - #c.j.p.s.s.PySkeletonRefresher - PyQt5.Qt5.plugins.generic.libqevdevmouseplugin
2025-02-05 08:38:35,518 [  22352]   WARN - #c.j.p.s.s.PySkeletonRefresher - PyQt5.Qt5.plugins.generic.libqevdevtabletplugin
2025-02-05 08:38:35,518 [  22352]   WARN - #c.j.p.s.s.PySkeletonRefresher - PyQt5.Qt5.plugins.generic.libqevdevtouchplugin
2025-02-05 08:38:35,518 [  22352]   WARN - #c.j.p.s.s.PySkeletonRefresher - PyQt5.Qt5.plugins.generic.libqtuiotouchplugin
2025-02-05 08:38:35,518 [  22352]   WARN - #c.j.p.s.s.PySkeletonRefresher - PyQt5.Qt5.plugins.geometryloaders.libdefaultgeometryloader
2025-02-05 08:38:35,519 [  22353]   WARN - #c.j.p.s.s.PySkeletonRefresher - PyQt5.Qt5.plugins.geometryloaders.libgltfgeometryloader
2025-02-05 08:38:35,519 [  22353]   WARN - #c.j.p.s.s.PySkeletonRefresher - PyQt5.Qt5.plugins.geoservices.libqtgeoservices_esri
2025-02-05 08:38:35,519 [  22353]   WARN - #c.j.p.s.s.PySkeletonRefresher - PyQt5.Qt5.plugins.geoservices.libqtgeoservices_itemsoverlay
2025-02-05 08:38:35,519 [  22353]   WARN - #c.j.p.s.s.PySkeletonRefresher - PyQt5.Qt5.plugins.geoservices.libqtgeoservices_mapbox
2025-02-05 08:38:35,519 [  22353]   WARN - #c.j.p.s.s.PySkeletonRefresher - PyQt5.Qt5.plugins.geoservices.libqtgeoservices_mapboxgl
2025-02-05 08:38:35,519 [  22353]   WARN - #c.j.p.s.s.PySkeletonRefresher - PyQt5.Qt5.plugins.geoservices.libqtgeoservices_nokia
2025-02-05 08:38:35,519 [  22353]   WARN - #c.j.p.s.s.PySkeletonRefresher - PyQt5.Qt5.plugins.geoservices.libqtgeoservices_osm
2025-02-05 08:38:35,519 [  22353]   WARN - #c.j.p.s.s.PySkeletonRefresher - PyQt5.Qt5.plugins.iconengines.libqsvgicon
2025-02-05 08:38:35,519 [  22353]   WARN - #c.j.p.s.s.PySkeletonRefresher - PyQt5.Qt5.plugins.imageformats.libqgif
2025-02-05 08:38:35,519 [  22353]   WARN - #c.j.p.s.s.PySkeletonRefresher - PyQt5.Qt5.plugins.imageformats.libqicns
2025-02-05 08:38:35,519 [  22353]   WARN - #c.j.p.s.s.PySkeletonRefresher - PyQt5.Qt5.plugins.imageformats.libqico
2025-02-05 08:38:35,519 [  22353]   WARN - #c.j.p.s.s.PySkeletonRefresher - PyQt5.Qt5.plugins.imageformats.libqjpeg
2025-02-05 08:38:35,519 [  22353]   WARN - #c.j.p.s.s.PySkeletonRefresher - PyQt5.Qt5.plugins.imageformats.libqsvg
2025-02-05 08:38:35,519 [  22353]   WARN - #c.j.p.s.s.PySkeletonRefresher - PyQt5.Qt5.plugins.imageformats.libqtga
2025-02-05 08:38:35,519 [  22353]   WARN - #c.j.p.s.s.PySkeletonRefresher - PyQt5.Qt5.plugins.imageformats.libqtiff
2025-02-05 08:38:35,519 [  22353]   WARN - #c.j.p.s.s.PySkeletonRefresher - PyQt5.Qt5.plugins.imageformats.libqwbmp
2025-02-05 08:38:35,519 [  22353]   WARN - #c.j.p.s.s.PySkeletonRefresher - PyQt5.Qt5.plugins.imageformats.libqwebp
2025-02-05 08:38:35,519 [  22353]   WARN - #c.j.p.s.s.PySkeletonRefresher - PyQt5.Qt5.plugins.mediaservice.libgstaudiodecoder
2025-02-05 08:38:35,519 [  22353]   WARN - #c.j.p.s.s.PySkeletonRefresher - PyQt5.Qt5.plugins.mediaservice.libgstcamerabin
2025-02-05 08:38:35,519 [  22353]   WARN - #c.j.p.s.s.PySkeletonRefresher - PyQt5.Qt5.plugins.mediaservice.libgstmediacapture
2025-02-05 08:38:35,519 [  22353]   WARN - #c.j.p.s.s.PySkeletonRefresher - PyQt5.Qt5.plugins.mediaservice.libgstmediaplayer
2025-02-05 08:38:35,519 [  22353]   WARN - #c.j.p.s.s.PySkeletonRefresher - PyQt5.Qt5.plugins.platforminputcontexts.libcomposeplatforminputcontextplugin
2025-02-05 08:38:35,519 [  22353]   WARN - #c.j.p.s.s.PySkeletonRefresher - PyQt5.Qt5.plugins.platforminputcontexts.libibusplatforminputcontextplugin
2025-02-05 08:38:35,519 [  22353]   WARN - #c.j.p.s.s.PySkeletonRefresher - PyQt5.Qt5.plugins.platforms.libqeglfs
2025-02-05 08:38:35,519 [  22353]   WARN - #c.j.p.s.s.PySkeletonRefresher - PyQt5.Qt5.plugins.platforms.libqlinuxfb
2025-02-05 08:38:35,519 [  22353]   WARN - #c.j.p.s.s.PySkeletonRefresher - PyQt5.Qt5.plugins.platforms.libqminimal
2025-02-05 08:38:35,519 [  22353]   WARN - #c.j.p.s.s.PySkeletonRefresher - PyQt5.Qt5.plugins.platforms.libqminimalegl
2025-02-05 08:38:35,519 [  22353]   WARN - #c.j.p.s.s.PySkeletonRefresher - PyQt5.Qt5.plugins.platforms.libqoffscreen
2025-02-05 08:38:35,519 [  22353]   WARN - #c.j.p.s.s.PySkeletonRefresher - PyQt5.Qt5.plugins.platforms.libqvnc
2025-02-05 08:38:35,519 [  22353]   WARN - #c.j.p.s.s.PySkeletonRefresher - PyQt5.Qt5.plugins.platforms.libqwebgl
2025-02-05 08:38:35,519 [  22353]   WARN - #c.j.p.s.s.PySkeletonRefresher - PyQt5.Qt5.plugins.platforms.libqxcb
2025-02-05 08:38:35,519 [  22353]   WARN - #c.j.p.s.s.PySkeletonRefresher - PyQt5.Qt5.plugins.platformthemes.libqgtk3
2025-02-05 08:38:35,519 [  22353]   WARN - #c.j.p.s.s.PySkeletonRefresher - PyQt5.Qt5.plugins.platformthemes.libqxdgdesktopportal
2025-02-05 08:38:35,519 [  22353]   WARN - #c.j.p.s.s.PySkeletonRefresher - PyQt5.Qt5.plugins.playlistformats.libqtmultimedia_m3u
2025-02-05 08:38:35,519 [  22353]   WARN - #c.j.p.s.s.PySkeletonRefresher - PyQt5.Qt5.plugins.position.libqtposition_geoclue
2025-02-05 08:38:35,519 [  22353]   WARN - #c.j.p.s.s.PySkeletonRefresher - PyQt5.Qt5.plugins.position.libqtposition_geoclue2
2025-02-05 08:38:35,519 [  22353]   WARN - #c.j.p.s.s.PySkeletonRefresher - PyQt5.Qt5.plugins.position.libqtposition_positionpoll
2025-02-05 08:38:35,519 [  22353]   WARN - #c.j.p.s.s.PySkeletonRefresher - PyQt5.Qt5.plugins.position.libqtposition_serialnmea
2025-02-05 08:38:35,519 [  22353]   WARN - #c.j.p.s.s.PySkeletonRefresher - PyQt5.Qt5.plugins.printsupport.libcupsprintersupport
2025-02-05 08:38:35,519 [  22353]   WARN - #c.j.p.s.s.PySkeletonRefresher - PyQt5.Qt5.plugins.renderers.libopenglrenderer
2025-02-05 08:38:35,519 [  22353]   WARN - #c.j.p.s.s.PySkeletonRefresher - PyQt5.Qt5.plugins.renderplugins.libscene2d
2025-02-05 08:38:35,519 [  22353]   WARN - #c.j.p.s.s.PySkeletonRefresher - PyQt5.Qt5.plugins.sceneparsers.libgltfsceneexport
2025-02-05 08:38:35,519 [  22353]   WARN - #c.j.p.s.s.PySkeletonRefresher - PyQt5.Qt5.plugins.sceneparsers.libgltfsceneimport
2025-02-05 08:38:35,519 [  22353]   WARN - #c.j.p.s.s.PySkeletonRefresher - PyQt5.Qt5.plugins.sensorgestures.libqtsensorgestures_plugin
2025-02-05 08:38:35,519 [  22353]   WARN - #c.j.p.s.s.PySkeletonRefresher - PyQt5.Qt5.plugins.sensorgestures.libqtsensorgestures_shakeplugin
2025-02-05 08:38:35,519 [  22353]   WARN - #c.j.p.s.s.PySkeletonRefresher - PyQt5.Qt5.plugins.sensors.libqtsensors_generic
2025-02-05 08:38:35,520 [  22354]   WARN - #c.j.p.s.s.PySkeletonRefresher - PyQt5.Qt5.plugins.sensors.libqtsensors_linuxsys
2025-02-05 08:38:35,520 [  22354]   WARN - #c.j.p.s.s.PySkeletonRefresher - PyQt5.Qt5.plugins.sqldrivers.libqsqlite
2025-02-05 08:38:35,520 [  22354]   WARN - #c.j.p.s.s.PySkeletonRefresher - PyQt5.Qt5.plugins.sqldrivers.libqsqlodbc
2025-02-05 08:38:35,520 [  22354]   WARN - #c.j.p.s.s.PySkeletonRefresher - PyQt5.Qt5.plugins.sqldrivers.libqsqlpsql
2025-02-05 08:38:35,520 [  22354]   WARN - #c.j.p.s.s.PySkeletonRefresher - PyQt5.Qt5.plugins.texttospeech.libqtexttospeech_speechd
2025-02-05 08:38:35,520 [  22354]   WARN - #c.j.p.s.s.PySkeletonRefresher - PyQt5.Qt5.plugins.webview.libqtwebview_webengine
2025-02-05 08:38:35,520 [  22354]   WARN - #c.j.p.s.s.PySkeletonRefresher - PyQt5.Qt5.qml.Qt.labs.animation.liblabsanimationplugin
2025-02-05 08:38:35,520 [  22354]   WARN - #c.j.p.s.s.PySkeletonRefresher - PyQt5.Qt5.qml.Qt.labs.calendar.libqtlabscalendarplugin
2025-02-05 08:38:35,520 [  22354]   WARN - #c.j.p.s.s.PySkeletonRefresher - PyQt5.Qt5.qml.Qt.labs.folderlistmodel.libqmlfolderlistmodelplugin
2025-02-05 08:38:35,520 [  22354]   WARN - #c.j.p.s.s.PySkeletonRefresher - PyQt5.Qt5.qml.Qt.labs.location.liblocationlabsplugin
2025-02-05 08:38:35,520 [  22354]   WARN - #c.j.p.s.s.PySkeletonRefresher - PyQt5.Qt5.qml.Qt.labs.platform.libqtlabsplatformplugin
2025-02-05 08:38:35,520 [  22354]   WARN - #c.j.p.s.s.PySkeletonRefresher - PyQt5.Qt5.qml.Qt.labs.qmlmodels.liblabsmodelsplugin
2025-02-05 08:38:35,520 [  22354]   WARN - #c.j.p.s.s.PySkeletonRefresher - PyQt5.Qt5.qml.Qt.labs.settings.libqmlsettingsplugin
2025-02-05 08:38:35,520 [  22354]   WARN - #c.j.p.s.s.PySkeletonRefresher - PyQt5.Qt5.qml.Qt.labs.sharedimage.libsharedimageplugin
2025-02-05 08:38:35,520 [  22354]   WARN - #c.j.p.s.s.PySkeletonRefresher - PyQt5.Qt5.qml.Qt.labs.wavefrontmesh.libqmlwavefrontmeshplugin
2025-02-05 08:38:35,520 [  22354]   WARN - #c.j.p.s.s.PySkeletonRefresher - PyQt5.Qt5.qml.QtBluetooth.libdeclarative_bluetooth
2025-02-05 08:38:35,520 [  22354]   WARN - #c.j.p.s.s.PySkeletonRefresher - PyQt5.Qt5.qml.QtGraphicalEffects.libqtgraphicaleffectsplugin
2025-02-05 08:38:35,520 [  22354]   WARN - #c.j.p.s.s.PySkeletonRefresher - PyQt5.Qt5.qml.QtGraphicalEffects.private.libqtgraphicaleffectsprivate
2025-02-05 08:38:35,520 [  22354]   WARN - #c.j.p.s.s.PySkeletonRefresher - PyQt5.Qt5.qml.QtLocation.libdeclarative_location
2025-02-05 08:38:35,520 [  22354]   WARN - #c.j.p.s.s.PySkeletonRefresher - PyQt5.Qt5.qml.QtMultimedia.libdeclarative_multimedia
2025-02-05 08:38:35,520 [  22354]   WARN - #c.j.p.s.s.PySkeletonRefresher - PyQt5.Qt5.qml.QtNfc.libdeclarative_nfc
2025-02-05 08:38:35,520 [  22354]   WARN - #c.j.p.s.s.PySkeletonRefresher - PyQt5.Qt5.qml.QtPositioning.libdeclarative_positioning
2025-02-05 08:38:35,520 [  22354]   WARN - #c.j.p.s.s.PySkeletonRefresher - PyQt5.Qt5.qml.QtQml.RemoteObjects.libqtqmlremoteobjects
2025-02-05 08:38:35,520 [  22354]   WARN - #c.j.p.s.s.PySkeletonRefresher - PyQt5.Qt5.qml.QtQml.StateMachine.libqtqmlstatemachine
2025-02-05 08:38:35,520 [  22354]   WARN - #c.j.p.s.s.PySkeletonRefresher - PyQt5.Qt5.qml.QtQml.libqmlplugin
2025-02-05 08:38:35,520 [  22354]   WARN - #c.j.p.s.s.PySkeletonRefresher - PyQt5.Qt5.qml.QtQuick.Controls.Styles.Flat.libqtquickextrasflatplugin
2025-02-05 08:38:35,520 [  22354]   WARN - #c.j.p.s.s.PySkeletonRefresher - PyQt5.Qt5.qml.QtQuick.Controls.libqtquickcontrolsplugin
2025-02-05 08:38:35,520 [  22354]   WARN - #c.j.p.s.s.PySkeletonRefresher - PyQt5.Qt5.qml.QtQuick.Dialogs.Private.libdialogsprivateplugin
2025-02-05 08:38:35,520 [  22354]   WARN - #c.j.p.s.s.PySkeletonRefresher - PyQt5.Qt5.qml.QtQuick.Dialogs.libdialogplugin
2025-02-05 08:38:35,520 [  22354]   WARN - #c.j.p.s.s.PySkeletonRefresher - PyQt5.Qt5.qml.QtQuick.Extras.libqtquickextrasplugin
2025-02-05 08:38:35,520 [  22354]   WARN - #c.j.p.s.s.PySkeletonRefresher - PyQt5.Qt5.qml.QtQuick.Layouts.libqquicklayoutsplugin
2025-02-05 08:38:35,520 [  22354]   WARN - #c.j.p.s.s.PySkeletonRefresher - PyQt5.Qt5.qml.QtQuick.LocalStorage.libqmllocalstorageplugin
2025-02-05 08:38:35,520 [  22354]   WARN - #c.j.p.s.s.PySkeletonRefresher - PyQt5.Qt5.qml.QtQuick.PrivateWidgets.libwidgetsplugin
2025-02-05 08:38:35,520 [  22354]   WARN - #c.j.p.s.s.PySkeletonRefresher - PyQt5.Qt5.qml.QtQuick.Scene2D.libqtquickscene2dplugin
2025-02-05 08:38:35,520 [  22354]   WARN - #c.j.p.s.s.PySkeletonRefresher - PyQt5.Qt5.qml.QtQuick.Scene3D.libqtquickscene3dplugin
2025-02-05 08:38:35,520 [  22354]   WARN - #c.j.p.s.s.PySkeletonRefresher - PyQt5.Qt5.qml.QtQuick.Shapes.libqmlshapesplugin
2025-02-05 08:38:35,520 [  22354]   WARN - #c.j.p.s.s.PySkeletonRefresher - PyQt5.Qt5.qml.QtQuick.Timeline.libqtquicktimelineplugin
2025-02-05 08:38:35,520 [  22354]   WARN - #c.j.p.s.s.PySkeletonRefresher - PyQt5.Qt5.qml.QtQuick.XmlListModel.libqmlxmllistmodelplugin
2025-02-05 08:38:35,520 [  22354]   WARN - #c.j.p.s.s.PySkeletonRefresher - PyQt5.Qt5.qml.QtQuick3D.Effects.libqtquick3deffectplugin
2025-02-05 08:38:35,520 [  22354]   WARN - #c.j.p.s.s.PySkeletonRefresher - PyQt5.Qt5.qml.QtQuick3D.Helpers.libqtquick3dhelpersplugin
2025-02-05 08:38:35,520 [  22354]   WARN - #c.j.p.s.s.PySkeletonRefresher - PyQt5.Qt5.qml.QtQuick3D.Materials.libqtquick3dmaterialplugin
2025-02-05 08:38:35,520 [  22354]   WARN - #c.j.p.s.s.PySkeletonRefresher - PyQt5.Qt5.qml.QtQuick3D.libqquick3dplugin
2025-02-05 08:38:35,520 [  22354]   WARN - #c.j.p.s.s.PySkeletonRefresher - PyQt5.Qt5.qml.QtRemoteObjects.libqtremoteobjects
2025-02-05 08:38:35,520 [  22354]   WARN - #c.j.p.s.s.PySkeletonRefresher - PyQt5.Qt5.qml.QtSensors.libdeclarative_sensors
2025-02-05 08:38:35,520 [  22354]   WARN - #c.j.p.s.s.PySkeletonRefresher - PyQt5.Qt5.qml.QtTest.libqmltestplugin
2025-02-05 08:38:35,520 [  22354]   WARN - #c.j.p.s.s.PySkeletonRefresher - PyQt5.Qt5.qml.QtWebChannel.libdeclarative_webchannel
2025-02-05 08:38:35,520 [  22354]   WARN - #c.j.p.s.s.PySkeletonRefresher - PyQt5.Qt5.qml.QtWebSockets.libdeclarative_qmlwebsockets
2025-02-05 08:38:35,520 [  22354]   WARN - #c.j.p.s.s.PySkeletonRefresher - PyQt5.Qt5.qml.QtWebView.libdeclarative_webview
2025-02-05 08:38:35,520 [  22354]   WARN - #c.j.p.s.s.PySkeletonRefresher - PyQt5.QtWebEngine
2025-02-05 08:38:35,520 [  22354]   WARN - #c.j.p.s.s.PySkeletonRefresher - PyQt5.QtWebEngineCore
2025-02-05 08:38:35,520 [  22354]   WARN - #c.j.p.s.s.PySkeletonRefresher - PyQt5.QtWebEngineWidgets
2025-02-05 08:38:35,520 [  22354]   WARN - #c.j.p.s.s.PySkeletonRefresher - _argon2_cffi_bindings._ffi
2025-02-05 08:38:35,520 [  22354]   WARN - #c.j.p.s.s.PySkeletonRefresher - _cffi_backend
2025-02-05 08:38:35,520 [  22354]   WARN - #c.j.p.s.s.PySkeletonRefresher - amp_C
2025-02-05 08:38:35,520 [  22354]   WARN - #c.j.p.s.s.PySkeletonRefresher - apex_C
2025-02-05 08:38:35,520 [  22354]   WARN - #c.j.p.s.s.PySkeletonRefresher - brotli._brotli
2025-02-05 08:38:35,520 [  22354]   WARN - #c.j.p.s.s.PySkeletonRefresher - cryptography.hazmat.bindings._openssl
2025-02-05 08:38:35,520 [  22354]   WARN - #c.j.p.s.s.PySkeletonRefresher - cv2.cv2
2025-02-05 08:38:35,520 [  22354]   WARN - #c.j.p.s.s.PySkeletonRefresher - cv2.qt.plugins.platforms.libqxcb
2025-02-05 08:38:35,520 [  22354]   WARN - #c.j.p.s.s.PySkeletonRefresher - debugpy._vendored.pydevd._pydevd_bundle.pydevd_cython
2025-02-05 08:38:35,521 [  22355]   WARN - #c.j.p.s.s.PySkeletonRefresher - debugpy._vendored.pydevd._pydevd_frame_eval.pydevd_frame_evaluator
2025-02-05 08:38:35,521 [  22355]   WARN - #c.j.p.s.s.PySkeletonRefresher - debugpy._vendored.pydevd.pydevd_attach_to_process.attach_linux_amd64
2025-02-05 08:38:35,521 [  22355]   WARN - #c.j.p.s.s.PySkeletonRefresher - fused_dense_cuda
2025-02-05 08:38:35,521 [  22355]   WARN - #c.j.p.s.s.PySkeletonRefresher - fused_layer_norm_cuda
2025-02-05 08:38:35,521 [  22355]   WARN - #c.j.p.s.s.PySkeletonRefresher - fused_weight_gradient_mlp_cuda
2025-02-05 08:38:35,521 [  22355]   WARN - #c.j.p.s.s.PySkeletonRefresher - generic_scaled_masked_softmax_cuda
2025-02-05 08:38:35,521 [  22355]   WARN - #c.j.p.s.s.PySkeletonRefresher - greenlet.tests._test_extension
2025-02-05 08:38:35,521 [  22355]   WARN - #c.j.p.s.s.PySkeletonRefresher - greenlet.tests._test_extension_cpp
2025-02-05 08:38:35,521 [  22355]   WARN - #c.j.p.s.s.PySkeletonRefresher - llvmlite.binding.libllvmlite
2025-02-05 08:38:35,521 [  22355]   WARN - #c.j.p.s.s.PySkeletonRefresher - mlp_cuda
2025-02-05 08:38:35,521 [  22355]   WARN - #c.j.p.s.s.PySkeletonRefresher - mmcv._ext
2025-02-05 08:38:35,521 [  22355]   WARN - #c.j.p.s.s.PySkeletonRefresher - nvidia.cuda_cupti.lib.libcheckpoint
2025-02-05 08:38:35,521 [  22355]   WARN - #c.j.p.s.s.PySkeletonRefresher - nvidia.cuda_cupti.lib.libnvperf_host
2025-02-05 08:38:35,521 [  22355]   WARN - #c.j.p.s.s.PySkeletonRefresher - nvidia.cuda_cupti.lib.libnvperf_target
2025-02-05 08:38:35,521 [  22355]   WARN - #c.j.p.s.s.PySkeletonRefresher - nvidia.cuda_cupti.lib.libpcsamplingutil
2025-02-05 08:38:35,521 [  22355]   WARN - #c.j.p.s.s.PySkeletonRefresher - onnxruntime.capi.libonnxruntime_providers_shared
2025-02-05 08:38:35,521 [  22355]   WARN - #c.j.p.s.s.PySkeletonRefresher - scaled_masked_softmax_cuda
2025-02-05 08:38:35,521 [  22355]   WARN - #c.j.p.s.s.PySkeletonRefresher - scaled_softmax_cuda
2025-02-05 08:38:35,521 [  22355]   WARN - #c.j.p.s.s.PySkeletonRefresher - scaled_upper_triang_masked_softmax_cuda
2025-02-05 08:38:35,521 [  22355]   WARN - #c.j.p.s.s.PySkeletonRefresher - sklearn.cluster._hdbscan._linkage
2025-02-05 08:38:35,521 [  22355]   WARN - #c.j.p.s.s.PySkeletonRefresher - sklearn.metrics._pairwise_distances_reduction._argkmin_classmode
2025-02-05 08:38:35,521 [  22355]   WARN - #c.j.p.s.s.PySkeletonRefresher - syncbn
2025-02-05 08:38:35,521 [  22355]   WARN - #c.j.p.s.s.PySkeletonRefresher - torch.lib.libc10
2025-02-05 08:38:35,521 [  22355]   WARN - #c.j.p.s.s.PySkeletonRefresher - torch.lib.libc10_cuda
2025-02-05 08:38:35,521 [  22355]   WARN - #c.j.p.s.s.PySkeletonRefresher - torch.lib.libcaffe2_nvrtc
2025-02-05 08:38:35,521 [  22355]   WARN - #c.j.p.s.s.PySkeletonRefresher - torch.lib.libshm
2025-02-05 08:38:35,521 [  22355]   WARN - #c.j.p.s.s.PySkeletonRefresher - torch.lib.libtorch
2025-02-05 08:38:35,521 [  22355]   WARN - #c.j.p.s.s.PySkeletonRefresher - torch.lib.libtorch_cpu
2025-02-05 08:38:35,521 [  22355]   WARN - #c.j.p.s.s.PySkeletonRefresher - torch.lib.libtorch_cuda
2025-02-05 08:38:35,521 [  22355]   WARN - #c.j.p.s.s.PySkeletonRefresher - torch.lib.libtorch_cuda_linalg
2025-02-05 08:38:35,521 [  22355]   WARN - #c.j.p.s.s.PySkeletonRefresher - torch.lib.libtorch_global_deps
2025-02-05 08:38:35,521 [  22355]   WARN - #c.j.p.s.s.PySkeletonRefresher - torch.lib.libtorch_python
2025-02-05 08:38:35,521 [  22355]   WARN - #c.j.p.s.s.PySkeletonRefresher - torchaudio.lib._torchaudio_sox
2025-02-05 08:38:35,521 [  22355]   WARN - #c.j.p.s.s.PySkeletonRefresher - torchaudio.lib.libctc_prefix_decoder
2025-02-05 08:38:35,521 [  22355]   WARN - #c.j.p.s.s.PySkeletonRefresher - torchaudio.lib.libtorchaudio
2025-02-05 08:38:35,521 [  22355]   WARN - #c.j.p.s.s.PySkeletonRefresher - torchaudio.lib.libtorchaudio_sox
2025-02-05 08:38:35,521 [  22355]   WARN - #c.j.p.s.s.PySkeletonRefresher - torchaudio.lib.pybind11_prefixctc
2025-02-05 08:38:35,521 [  22355]   WARN - #c.j.p.s.s.PySkeletonRefresher - torchvision._C
2025-02-05 08:38:35,521 [  22355]   WARN - #c.j.p.s.s.PySkeletonRefresher - torchvision.image
2025-02-05 08:38:35,521 [  22355]   WARN - #c.j.p.s.s.PySkeletonRefresher - torio.lib._torio_ffmpeg4
2025-02-05 08:38:35,521 [  22355]   WARN - #c.j.p.s.s.PySkeletonRefresher - torio.lib._torio_ffmpeg5
2025-02-05 08:38:35,521 [  22355]   WARN - #c.j.p.s.s.PySkeletonRefresher - torio.lib._torio_ffmpeg6
2025-02-05 08:38:35,521 [  22355]   WARN - #c.j.p.s.s.PySkeletonRefresher - torio.lib.libtorio_ffmpeg4
2025-02-05 08:38:35,521 [  22355]   WARN - #c.j.p.s.s.PySkeletonRefresher - torio.lib.libtorio_ffmpeg5
2025-02-05 08:38:35,521 [  22355]   WARN - #c.j.p.s.s.PySkeletonRefresher - torio.lib.libtorio_ffmpeg6
2025-02-05 08:38:35,523 [  22357]   WARN - #c.j.p.PythonHelpersLocator - Helpers pro root does not exist /home/herryao/Software/pycharm-2024.3.1.1/plugins/python-ce/helpers-pro
2025-02-05 08:38:39,333 [  26167]   WARN - #c.j.p.PythonHelpersLocator - Helpers pro root does not exist /home/herryao/Software/pycharm-2024.3.1.1/plugins/python-ce/helpers-pro
2025-02-05 08:43:19,001 [ 305835]   WARN - #c.i.u.i.p.ProjectIndexableFilesFilterHealthCheck - Following files are indexable but they were NOT found in filter. Errors count: 4. Examples:
file id=85917 path=/home/herryao/anaconda3/envs/torch1.10/lib/python3.8/site-packages/plotly-6.0.0.dist-info/RECORD
file id=103854 path=/media/herryao/81ca6f19-78c8-470d-b5a1-5f35b4678058/work_dir/Document/skku/with_asif/AI_4_SCIENCE/src/case0/AI4CatalystProject/evaluation/figures.zip
file id=103856 path=/media/herryao/81ca6f19-78c8-470d-b5a1-5f35b4678058/work_dir/Document/skku/with_asif/AI_4_SCIENCE/src/case0/AI4CatalystProject/evaluation/figures/correlation_heatmap_one_hot.jpg
file id=103857 path=/31f9840d
